2025-11-17 01:09:10 [main] INFO  Log - Staring Webdriver
2025-11-17 01:09:17 [main] INFO  Log - Navigating to URL .......
2025-11-17 01:09:18 [main] INFO  Log - Starting login test...
2025-11-17 01:09:20 [main] INFO  Log - Verfying ...
2025-11-17 01:09:20 [main] INFO  Log - Closing the browser....
2025-11-22 19:46:18 [main] INFO  Log - Staring Webdriver
2025-11-22 19:46:27 [main] INFO  Log - Navigating to URL .......
2025-11-22 19:46:29 [main] INFO  Log - Starting login test...
2025-11-22 19:46:30 [main] INFO  Log - Verfying ...
2025-11-22 19:46:30 [main] INFO  Log - Closing the browser....
2025-11-22 20:49:12 [main] INFO  Log - Staring Webdriver
2025-11-22 20:49:16 [main] INFO  Log - Navigating to URL .......
2025-11-22 20:49:17 [main] INFO  Log - Starting login test...
2025-11-22 20:49:19 [main] INFO  Log - Verfying ...
2025-11-22 20:49:19 [main] INFO  Log - Closing the browser....
2025-11-22 21:19:36 [main] INFO  Log - Staring Webdriver
2025-11-22 21:19:39 [main] INFO  Log - Navigating to URL .......
2025-11-22 21:19:41 [main] INFO  Log - Starting login test...
2025-11-22 21:19:42 [main] INFO  Log - Verfying ...
2025-11-22 21:19:43 [main] INFO  Log - Closing the browser....
2025-11-22 21:23:54 [main] INFO  Log - Staring Webdriver
2025-11-22 21:23:57 [main] INFO  Log - Navigating to URL .......
2025-11-22 21:23:59 [main] INFO  Log - Starting login test...
2025-11-22 21:24:01 [main] INFO  Log - Verfying ...
2025-11-22 21:24:01 [main] INFO  Log - Closing the browser....
2025-11-22 21:28:00 [main] INFO  Log - Staring Webdriver
2025-11-22 21:28:02 [main] INFO  Log - Navigating to URL .......
2025-11-22 21:28:03 [main] INFO  Log - Starting login test...
2025-11-22 21:28:05 [main] INFO  Log - Verfying ...
2025-11-22 21:28:05 [main] INFO  Log - Closing the browser....
2025-11-22 21:28:05 [main] INFO  Log - Staring Webdriver
2025-11-22 21:28:07 [main] INFO  Log - Navigating to URL .......
2025-11-22 21:28:08 [main] INFO  Log - Starting login test...
2025-11-22 21:28:10 [main] INFO  Log - Verfying ...
2025-11-22 21:28:10 [main] INFO  Log - Closing the browser....
2025-11-22 21:28:51 [main] INFO  Log - Staring Webdriver
2025-11-22 21:28:54 [main] INFO  Log - Navigating to URL .......
2025-11-22 21:28:54 [main] INFO  Log - Starting login test...
2025-11-22 21:28:56 [main] INFO  Log - Verfying ...
2025-11-22 21:28:56 [main] INFO  Log - Closing the browser....
2025-11-22 21:28:56 [main] INFO  Log - Staring Webdriver
2025-11-22 21:28:58 [main] INFO  Log - Navigating to URL .......
2025-11-22 21:28:59 [main] INFO  Log - Starting login test...
2025-11-22 21:29:00 [main] INFO  Log - Verfying ...
2025-11-22 21:29:00 [main] INFO  Log - Closing the browser....
2025-11-22 21:29:56 [main] INFO  Log - Staring Webdriver
2025-11-22 21:29:59 [main] INFO  Log - Navigating to URL .......
2025-11-22 21:30:00 [main] INFO  Log - Starting login test...
2025-11-22 21:30:01 [main] INFO  Log - Verfying ...
2025-11-22 21:30:02 [main] INFO  Log - Closing the browser....
2025-11-22 21:30:02 [main] INFO  Log - Staring Webdriver
2025-11-22 21:30:04 [main] INFO  Log - Navigating to URL .......
2025-11-22 21:30:05 [main] INFO  Log - Starting login test...
2025-11-22 21:30:06 [main] INFO  Log - Verfying ...
2025-11-22 21:30:06 [main] INFO  Log - Closing the browser....
2025-11-22 21:56:02 [main] INFO  Log - Staring Webdriver
2025-11-22 21:56:06 [main] INFO  Log - Navigating to URL .......
2025-11-22 21:56:08 [main] INFO  Log - Starting login test...
2025-11-22 21:56:10 [main] INFO  Log - Verfying ...
2025-11-22 21:56:10 [main] INFO  Log - Closing the browser....
2025-11-22 21:56:11 [main] INFO  Log - Staring Webdriver
2025-11-22 21:56:12 [main] INFO  Log - Navigating to URL .......
2025-11-22 21:56:13 [main] INFO  Log - Starting login test...
2025-11-22 21:56:15 [main] INFO  Log - Verfying ...
2025-11-22 21:56:15 [main] INFO  Log - Closing the browser....
